<?xml version="1.0" encoding="UTF-8"?>
<!-- Generated by org.testng.reporters.JUnitReportReporter -->
<testsuite hostname="LAPTOP-4SPCVPA7" failures="0" tests="1" name="ProductDetailTest" time="8.018" errors="0" timestamp="2024-01-20T19:12:06 CET" skipped="0">
  <testcase classname="ProductDetailTest" name="runScenario" time="8.018"/>
</testsuite> <!-- ProductDetailTest -->
