<?xml version="1.0" encoding="UTF-8"?>
<!-- Generated by org.testng.reporters.JUnitReportReporter -->
<testsuite hostname="LAPTOP-4SPCVPA7" failures="0" tests="1" name="RunLogOutTest" time="8.997" errors="0" timestamp="2024-01-20T21:07:49 CET" skipped="0">
  <testcase classname="RunLogOutTest" name="runScenario" time="8.997"/>
</testsuite> <!-- RunLogOutTest -->
