<?xml version="1.0" encoding="UTF-8"?>
<!-- Generated by org.testng.reporters.JUnitReportReporter -->
<testsuite hostname="LAPTOP-4SPCVPA7" failures="0" tests="1" name="RunAddProductCartTest" time="9.852" errors="0" timestamp="2024-01-20T19:16:23 CET" skipped="0">
  <testcase classname="RunAddProductCartTest" name="runScenario" time="9.852"/>
</testsuite> <!-- RunAddProductCartTest -->
