<?xml version="1.0" encoding="UTF-8"?>
<!-- Generated by org.testng.reporters.JUnitReportReporter -->
<testsuite hostname="LAPTOP-4SPCVPA7" failures="0" tests="1" name="RunLogInBuitTest" time="6.748" errors="0" timestamp="2024-01-20T19:14:29 CET" skipped="0">
  <testcase classname="RunLogInBuitTest" name="runScenario" time="6.748"/>
</testsuite> <!-- RunLogInBuitTest -->
