<?xml version="1.0" encoding="UTF-8"?>
<!-- Generated by org.testng.reporters.JUnitReportReporter -->
<testsuite hostname="LAPTOP-4SPCVPA7" failures="0" tests="1" name="AddProductCartTest" time="11.018" errors="0" timestamp="2024-01-20T19:10:16 CET" skipped="0">
  <testcase classname="AddProductCartTest" name="runScenario" time="11.018"/>
</testsuite> <!-- AddProductCartTest -->
