<?xml version="1.0" encoding="UTF-8"?>
<!-- Generated by org.testng.reporters.JUnitReportReporter -->
<testsuite hostname="LAPTOP-4SPCVPA7" failures="0" tests="1" name="RunLogInIncorrecteTest" time="7.822" errors="0" timestamp="2024-01-20T19:15:05 CET" skipped="0">
  <testcase classname="RunLogInIncorrecteTest" name="runScenario" time="7.822"/>
</testsuite> <!-- RunLogInIncorrecteTest -->
