<?xml version="1.0" encoding="UTF-8"?>
<!-- Generated by org.testng.reporters.JUnitReportReporter -->
<testsuite hostname="LAPTOP-4SPCVPA7" failures="0" tests="1" name="PlaceOrder" time="12.248" errors="0" timestamp="2024-01-20T19:11:42 CET" skipped="0">
  <testcase classname="PlaceOrder" name="runScenario" time="12.248"/>
</testsuite> <!-- PlaceOrder -->
