<?xml version="1.0" encoding="UTF-8"?>
<!-- Generated by org.testng.reporters.JUnitReportReporter -->
<testsuite hostname="LAPTOP-4SPCVPA7" failures="0" tests="1" name="RunAboutUsTest" time="81.229" errors="0" timestamp="2023-12-12T18:31:39 CET" skipped="0">
  <testcase classname="RunAboutUsTest" name="runScenario" time="81.229"/>
</testsuite> <!-- RunAboutUsTest -->
