<?xml version="1.0" encoding="UTF-8"?>
<!-- Generated by org.testng.reporters.JUnitReportReporter -->
<testsuite hostname="LAPTOP-4SPCVPA7" failures="0" tests="1" name="RunLogInCorrecteTest" time="8.261" errors="0" timestamp="2024-01-20T19:14:48 CET" skipped="0">
  <testcase classname="RunLogInCorrecteTest" name="runScenario" time="8.261"/>
</testsuite> <!-- RunLogInCorrecteTest -->
