<?xml version="1.0" encoding="UTF-8"?>
<!-- Generated by org.testng.reporters.JUnitReportReporter -->
<testsuite hostname="LAPTOP-4SPCVPA7" failures="0" tests="1" name="RemoveProductCartTest" time="9.896" errors="0" timestamp="2024-01-20T19:12:30 CET" skipped="0">
  <testcase classname="RemoveProductCartTest" name="runScenario" time="9.896"/>
</testsuite> <!-- RemoveProductCartTest -->
