<?xml version="1.0" encoding="UTF-8"?>
<!-- Generated by org.testng.reporters.JUnitReportReporter -->
<testsuite hostname="LAPTOP-4SPCVPA7" failures="0" tests="1" name="RunAddProductTest" time="16.067" errors="0" timestamp="2024-01-20T19:16:57 CET" skipped="0">
  <testcase classname="RunAddProductTest" name="runScenario" time="16.067"/>
</testsuite> <!-- RunAddProductTest -->
