<?xml version="1.0" encoding="UTF-8"?>
<!-- Generated by org.testng.reporters.JUnitReportReporter -->
<testsuite hostname="LAPTOP-4SPCVPA7" failures="0" tests="1" name="RunCategoriesTest" time="6.337" errors="0" timestamp="2024-01-20T19:13:09 CET" skipped="0">
  <testcase classname="RunCategoriesTest" name="runScenario" time="6.337"/>
</testsuite> <!-- RunCategoriesTest -->
