<?xml version="1.0" encoding="UTF-8"?>
<!-- Generated by org.testng.reporters.JUnitReportReporter -->
<testsuite hostname="LAPTOP-4SPCVPA7" failures="0" tests="1" name="NavCategories" time="9.700" errors="0" timestamp="2024-01-20T19:11:01 CET" skipped="0">
  <testcase classname="NavCategories" name="runScenario" time="9.700"/>
</testsuite> <!-- NavCategories -->
