<?xml version="1.0" encoding="UTF-8"?>
<!-- Generated by org.testng.reporters.JUnitReportReporter -->
<testsuite hostname="LAPTOP-4SPCVPA7" failures="0" tests="1" name="RunContactTest" time="23.794" errors="0" timestamp="2023-12-12T17:59:56 CET" skipped="0">
  <testcase classname="RunContactTest" name="runScenario" time="23.794"/>
</testsuite> <!-- RunContactTest -->
