<?xml version="1.0" encoding="UTF-8"?>
<!-- Generated by org.testng.reporters.JUnitReportReporter -->
<testsuite hostname="LAPTOP-4SPCVPA7" failures="0" tests="1" name="AddProductTest" time="8.728" errors="0" timestamp="2024-01-20T19:10:35 CET" skipped="0">
  <testcase classname="AddProductTest" name="runScenario" time="8.728"/>
</testsuite> <!-- AddProductTest -->
